<?xml version="1.0" encoding="utf-8"?><testsuites name="pytest tests"><testsuite name="pytest" errors="0" failures="0" skipped="0" tests="26" time="22.183" timestamp="2026-08-01T04:50:17.035670+00:00" hostname="agent-env-cf586890-ec2f-4e31-a580-e1c8e690e11a"><testcase classname="tests.test_enterprise.TestRBAC" name="test_officer_can_verify" time="1.274" /><testcase classname="tests.test_enterprise.TestStaff" name="test_super_admin_lists_staff" time="0.950" /><testcase classname="tests.test_enterprise.TestStaff" name="test_officer_cannot_manage_staff" time="0.689" /><testcase classname="tests.test_enterprise.TestRBAC" name="test_officer_cannot_delete_user" time="0.693" /><testcase classname="tests.test_enterprise.TestStaff" name="test_create_staff" time="0.333" /><testcase classname="tests.test_enterprise.TestAdminStudentsFilters" name="test_filter_verification" time="0.320" /><testcase classname="tests.test_enterprise.TestRBAC" name="test_coordinator_cannot_freeze" time="0.782" /><testcase classname="tests.test_enterprise.TestAdminStudentsFilters" name="test_filter_search_and_cgpa" time="0.318" /><testcase classname="tests.test_enterprise.TestAdminStudentsFilters" name="test_missing_documents" time="0.147" /><testcase classname="tests.test_enterprise.TestRBAC" name="test_coordinator_cannot_approve_recruiter" time="0.647" /><testcase classname="tests.test_enterprise.TestDocuments" name="test_signature" time="0.637" /><testcase classname="tests.test_enterprise.TestDocuments" name="test_upload_and_verify_doc" time="0.656" /><testcase classname="tests.test_enterprise.TestVerificationGating" name="test_new_student_pending_cannot_apply" time="0.866" /><testcase classname="tests.test_enterprise.TestEligibility" name="test_eligibility_endpoint" time="0.208" /><testcase classname="tests.test_enterprise.TestVerificationGating" name="test_seeded_student_can_apply" time="0.439" /><testcase classname="tests.test_enterprise.TestEligibility" name="test_ineligible_apply_blocked" time="1.366" /><testcase classname="tests.test_enterprise.TestAudit" name="test_audit_after_action" time="3.937" /><testcase classname="tests.test_enterprise.TestAI" name="test_ai_review" time="7.502" /><testcase classname="tests.test_enterprise.TestAudit" name="test_coord_cannot_view_audit" time="0.100" /><testcase classname="tests.test_enterprise.TestAdminVerification" name="test_admin_approve_pending_student" time="0.669" /><testcase classname="tests.test_enterprise.TestFreeze" name="test_freeze_blocks_and_unfreeze_restores" time="1.613" /><testcase classname="tests.test_enterprise.TestOfferPlacement" name="test_select_creates_offer_and_accept_places" time="2.549" /><testcase classname="tests.test_enterprise.TestAI" name="test_recommendations" time="7.644" /><testcase classname="tests.test_enterprise.TestNotifications" name="test_notification_center" time="0.300" /><testcase classname="tests.test_enterprise.TestAdminStatsExtended" name="test_extended_stats" time="0.145" /><testcase classname="tests.test_enterprise.TestRecruiterApproval" name="test_pending_company_cannot_post" time="0.777" /></testsuite></testsuites>