<?xml version="1.0" encoding="utf-8"?><testsuites name="pytest tests"><testsuite name="pytest" errors="0" failures="2" skipped="0" tests="22" time="7.824" timestamp="2026-08-01T05:42:56.197687+00:00" hostname="agent-env-cf586890-ec2f-4e31-a580-e1c8e690e11a"><testcase classname="tests.test_iteration4.TestPasswordReset" name="test_forgot_password_unknown_no_enum" time="0.241" /><testcase classname="tests.test_iteration4.TestPasswordReset" name="test_full_flow_success" time="2.359" /><testcase classname="tests.test_iteration4.TestDrives" name="test_admin_sees_pending" time="0.887" /><testcase classname="tests.test_iteration4.TestDrives" name="test_student_cannot_see_pending" time="0.462" /><testcase classname="tests.test_iteration4.TestDrives" name="test_coord_cannot_moderate" time="0.417" /><testcase classname="tests.test_iteration4.TestDrives" name="test_admin_approves" time="0.512" /><testcase classname="tests.test_iteration4.TestDrives" name="test_student_register_and_withdraw" time="0.519" /><testcase classname="tests.test_iteration4.TestDrives" name="test_recruiter_pipeline_and_stage" time="0.293" /><testcase classname="tests.test_iteration4.TestInterviews" name="test_student_sees" time="0.287" /><testcase classname="tests.test_iteration4.TestInterviews" name="test_student_accept" time="0.204" /><testcase classname="tests.test_iteration4.TestInterviews" name="test_student_reschedule" time="0.099" /><testcase classname="tests.test_iteration4.TestInterviews" name="test_recruiter_update_status" time="0.109" /><testcase classname="tests.test_iteration4.TestInterviews" name="test_recruiter_invalid_status" time="0.099" /><testcase classname="tests.test_iteration4.TestInterviews" name="test_recruiter_feedback_completes" time="0.207" /><testcase classname="tests.test_iteration4.TestCalendarEventsReminders" name="test_calendar_student" time="0.096" /><testcase classname="tests.test_iteration4.TestCalendarEventsReminders" name="test_calendar_recruiter" time="0.095" /><testcase classname="tests.test_iteration4.TestCalendarEventsReminders" name="test_calendar_admin" time="0.105" /><testcase classname="tests.test_iteration4.TestCalendarEventsReminders" name="test_admin_create_event" time="0.208" /><testcase classname="tests.test_iteration4.TestCalendarEventsReminders" name="test_reminders" time="0.108" /><testcase classname="tests.test_iteration4.TestStatsWidgets" name="test_student_stats" time="0.098"><failure message="AssertionError: missing pending_docs in dict_keys(['total_applications', 'shortlisted', 'selected', 'open_jobs', 'offers', 'upcoming_interviews', 'upcoming_drives', 'pending_documents', 'verification_status', 'frozen', 'freeze_reason', 'placed', 'profile_completion', 'status_distribution'])&#10;assert 'pending_docs' in {'total_applications': 4, 'shortlisted': 1, 'selected': 0, 'open_jobs': 4, ...}">backend/tests/test_iteration4.py:298: in test_student_stats
    assert k in d, f"missing {k} in {d.keys()}"
E   AssertionError: missing pending_docs in dict_keys(['total_applications', 'shortlisted', 'selected', 'open_jobs', 'offers', 'upcoming_interviews', 'upcoming_drives', 'pending_documents', 'verification_status', 'frozen', 'freeze_reason', 'placed', 'profile_completion', 'status_distribution'])
E   assert 'pending_docs' in {'total_applications': 4, 'shortlisted': 1, 'selected': 0, 'open_jobs': 4, ...}</failure></testcase><testcase classname="tests.test_iteration4.TestStatsWidgets" name="test_recruiter_stats" time="0.101"><failure message="AssertionError: missing recruiter_drives in dict_keys(['total_jobs', 'active_jobs', 'total_applications', 'hired', 'shortlisted', 'todays_interviews', 'upcoming_drives', 'pending_feedback', 'approval_status', 'status_distribution'])&#10;assert 'recruiter_drives' in {'total_jobs': 2, 'active_jobs': 2, 'total_applications': 4, 'hired': 0, ...}">backend/tests/test_iteration4.py:305: in test_recruiter_stats
    assert k in d, f"missing {k} in {d.keys()}"
E   AssertionError: missing recruiter_drives in dict_keys(['total_jobs', 'active_jobs', 'total_applications', 'hired', 'shortlisted', 'todays_interviews', 'upcoming_drives', 'pending_feedback', 'approval_status', 'status_distribution'])
E   assert 'recruiter_drives' in {'total_jobs': 2, 'active_jobs': 2, 'total_applications': 4, 'hired': 0, ...}</failure></testcase><testcase classname="tests.test_iteration4.TestStatsWidgets" name="test_admin_stats_ext" time="0.233" /></testsuite></testsuites>