<?xml version="1.0" encoding="utf-8"?><testsuites name="pytest tests"><testsuite name="pytest" errors="0" failures="1" skipped="0" tests="24" time="5.058" timestamp="2026-08-01T03:39:19.154161+00:00" hostname="agent-env-cf586890-ec2f-4e31-a580-e1c8e690e11a"><testcase classname="tests.test_placementhub_api.TestStudent" name="test_student_stats" time="0.724" /><testcase classname="tests.test_placementhub_api.TestCompany" name="test_create_job" time="0.912" /><testcase classname="tests.test_placementhub_api.TestStudent" name="test_jobs_list_with_flag" time="0.102" /><testcase classname="tests.test_placementhub_api.TestStudent" name="test_jobs_search_filter" time="0.144" /><testcase classname="tests.test_placementhub_api.TestCompany" name="test_mine_jobs" time="0.267" /><testcase classname="tests.test_placementhub_api.TestStudent" name="test_apply_and_duplicate" time="0.490" /><testcase classname="tests.test_placementhub_api.TestCompany" name="test_received_applications_and_status" time="0.262" /><testcase classname="tests.test_placementhub_api.TestCompany" name="test_job_status_toggle" time="0.243" /><testcase classname="tests.test_placementhub_api.TestStudent" name="test_applications_me" time="0.111" /><testcase classname="tests.test_placementhub_api.TestStudent" name="test_unauth_applications" time="0.107" /><testcase classname="tests.test_placementhub_api.TestStudent" name="test_student_cannot_post_job" time="0.110" /><testcase classname="tests.test_placementhub_api.TestCompany" name="test_cross_company_forbidden" time="0.705" /><testcase classname="tests.test_placementhub_api.TestAuth" name="test_register_student" time="0.487"><failure message="AssertionError: assert 'test_stud_b4...0@student.com' == 'TEST_stud_b4...0@student.com'&#10;  &#10;  - TEST_stud_b4fcc430@student.com&#10;  ? ^^^^&#10;  + test_stud_b4fcc430@student.com&#10;  ? ^^^^">backend/tests/test_placementhub_api.py:64: in test_register_student
    assert data["user"]["email"] == email
E   AssertionError: assert 'test_stud_b4...0@student.com' == 'TEST_stud_b4...0@student.com'
E     
E     - TEST_stud_b4fcc430@student.com
E     ? ^^^^
E     + test_stud_b4fcc430@student.com
E     ? ^^^^</failure></testcase><testcase classname="tests.test_placementhub_api.TestAuth" name="test_register_company" time="0.322" /><testcase classname="tests.test_placementhub_api.TestCompany" name="test_delete_own_job" time="0.232" /><testcase classname="tests.test_placementhub_api.TestAuth" name="test_login_and_me" time="0.099" /><testcase classname="tests.test_placementhub_api.TestCompany" name="test_company_stats" time="0.150" /><testcase classname="tests.test_placementhub_api.TestAuth" name="test_invalid_login" time="0.327" /><testcase classname="tests.test_placementhub_api.TestHealth" name="test_health" time="0.252" /><testcase classname="tests.test_placementhub_api.TestAdmin" name="test_admin_stats" time="0.643" /><testcase classname="tests.test_placementhub_api.TestHealth" name="test_demo_seeded" time="0.102" /><testcase classname="tests.test_placementhub_api.TestAdmin" name="test_admin_users" time="0.212" /><testcase classname="tests.test_placementhub_api.TestAdmin" name="test_admin_sees_all_jobs" time="0.427" /><testcase classname="tests.test_placementhub_api.TestAdmin" name="test_admin_delete_user" time="0.430" /></testsuite></testsuites>